# JRE version: Java(TM) SE Runtime Environment (8.0_45-b14) (build 1.8.0_45-b14)
# Java VM: Java HotSpot(TM) 64-Bit Server VM (25.45-b02 mixed mode linux-amd64 compressed oops)
Heap:
 PSYoungGen      total 274432K, used 25463K [0x00000000eab00000, 0x00000000fda00000, 0x0000000100000000)
  eden space 238592K, 0% used [0x00000000eab00000,0x00000000eab00000,0x00000000f9400000)
  from space 35840K, 71% used [0x00000000fb700000,0x00000000fcfddec8,0x00000000fda00000)
  to   space 23040K, 0% used [0x00000000f9700000,0x00000000f9700000,0x00000000fad80000)
 ParOldGen       total 139776K, used 78588K [0x00000000c0000000, 0x00000000c8880000, 0x00000000eab00000)
  object space 139776K, 56% used [0x00000000c0000000,0x00000000c4cbf140,0x00000000c8880000)
 Metaspace       used 8193K, capacity 8376K, committed 8576K, reserved 1056768K
  class space    used 769K, capacity 816K, committed 896K, reserved 1048576K
GC Heap History (10 events):
Event: 3.539 GC heap after
Heap after GC invocations=7 (full 0):
 PSYoungGen      total 137216K, used 12770K [0x00000000eab00000, 0x00000000fc800000, 0x0000000100000000)
  eden space 124416K, 0% used [0x00000000eab00000,0x00000000eab00000,0x00000000f2480000)
  from space 12800K, 99% used [0x00000000f2480000,0x00000000f30f8b20,0x00000000f3100000)
  to   space 21504K, 0% used [0x00000000fb300000,0x00000000fb300000,0x00000000fc800000)
 ParOldGen       total 42496K, used 35249K [0x00000000c0000000, 0x00000000c2980000, 0x00000000eab00000)
  object space 42496K, 82% used [0x00000000c0000000,0x00000000c226c7a8,0x00000000c2980000)
 Metaspace       used 5890K, capacity 7152K, committed 7296K, reserved 1056768K
  class space    used 547K, capacity 616K, committed 640K, reserved 1048576K
}
Event: 3.539 GC heap before
{Heap before GC invocations=8 (full 1):
 PSYoungGen      total 137216K, used 12770K [0x00000000eab00000, 0x00000000fc800000, 0x0000000100000000)
  eden space 124416K, 0% used [0x00000000eab00000,0x00000000eab00000,0x00000000f2480000)
  from space 12800K, 99% used [0x00000000f2480000,0x00000000f30f8b20,0x00000000f3100000)
  to   space 21504K, 0% used [0x00000000fb300000,0x00000000fb300000,0x00000000fc800000)
 ParOldGen       total 42496K, used 35249K [0x00000000c0000000, 0x00000000c2980000, 0x00000000eab00000)
  object space 42496K, 82% used [0x00000000c0000000,0x00000000c226c7a8,0x00000000c2980000)
 Metaspace       used 5890K, capacity 7152K, committed 7296K, reserved 1056768K
  class space    used 547K, capacity 616K, committed 640K, reserved 1048576K
Event: 3.776 GC heap after
Heap after GC invocations=8 (full 1):
 PSYoungGen      total 137216K, used 1488K [0x00000000eab00000, 0x00000000fc800000, 0x0000000100000000)
  eden space 124416K, 0% used [0x00000000eab00000,0x00000000eab00000,0x00000000f2480000)
  from space 12800K, 11% used [0x00000000f2480000,0x00000000f25f4380,0x00000000f3100000)
  to   space 21504K, 0% used [0x00000000fb300000,0x00000000fb300000,0x00000000fc800000)
 ParOldGen       total 78848K, used 42356K [0x00000000c0000000, 0x00000000c4d00000, 0x00000000eab00000)
  object space 78848K, 53% used [0x00000000c0000000,0x00000000c295d2b0,0x00000000c4d00000)
 Metaspace       used 5890K, capacity 7152K, committed 7296K, reserved 1056768K
  class space    used 547K, capacity 616K, committed 640K, reserved 1048576K
}
Event: 4.400 GC heap before
{Heap before GC invocations=9 (full 1):
 PSYoungGen      total 137216K, used 125904K [0x00000000eab00000, 0x00000000fc800000, 0x0000000100000000)
  eden space 124416K, 100% used [0x00000000eab00000,0x00000000f2480000,0x00000000f2480000)
  from space 12800K, 11% used [0x00000000f2480000,0x00000000f25f4380,0x00000000f3100000)
  to   space 21504K, 0% used [0x00000000fb300000,0x00000000fb300000,0x00000000fc800000)
 ParOldGen       total 78848K, used 42356K [0x00000000c0000000, 0x00000000c4d00000, 0x00000000eab00000)
  object space 78848K, 53% used [0x00000000c0000000,0x00000000c295d2b0,0x00000000c4d00000)
 Metaspace       used 5904K, capacity 7152K, committed 7296K, reserved 1056768K
  class space    used 547K, capacity 616K, committed 640K, reserved 1048576K
Event: 4.439 GC heap after
Heap after GC invocations=9 (full 1):
 PSYoungGen      total 201216K, used 16974K [0x00000000eab00000, 0x00000000fc400000, 0x0000000100000000)
  eden space 183808K, 0% used [0x00000000eab00000,0x00000000eab00000,0x00000000f5e80000)
  from space 17408K, 97% used [0x00000000fb300000,0x00000000fc3939d8,0x00000000fc400000)
  to   space 23040K, 0% used [0x00000000f9700000,0x00000000f9700000,0x00000000fad80000)
 ParOldGen       total 78848K, used 42396K [0x00000000c0000000, 0x00000000c4d00000, 0x00000000eab00000)
  object space 78848K, 53% used [0x00000000c0000000,0x00000000c29672b0,0x00000000c4d00000)
 Metaspace       used 5904K, capacity 7152K, committed 7296K, reserved 1056768K
  class space    used 547K, capacity 616K, committed 640K, reserved 1048576K
}
Event: 5.585 GC heap before
{Heap before GC invocations=10 (full 1):
 PSYoungGen      total 201216K, used 200782K [0x00000000eab00000, 0x00000000fc400000, 0x0000000100000000)
  eden space 183808K, 100% used [0x00000000eab00000,0x00000000f5e80000,0x00000000f5e80000)
  from space 17408K, 97% used [0x00000000fb300000,0x00000000fc3939d8,0x00000000fc400000)
  to   space 23040K, 0% used [0x00000000f9700000,0x00000000f9700000,0x00000000fad80000)
 ParOldGen       total 78848K, used 42396K [0x00000000c0000000, 0x00000000c4d00000, 0x00000000eab00000)
  object space 78848K, 53% used [0x00000000c0000000,0x00000000c29672b0,0x00000000c4d00000)
 Metaspace       used 6042K, capacity 7216K, committed 7296K, reserved 1056768K
  class space    used 554K, capacity 616K, committed 640K, reserved 1048576K
Event: 5.676 GC heap after
Heap after GC invocations=10 (full 1):
 PSYoungGen      total 261632K, used 23037K [0x00000000eab00000, 0x00000000fda00000, 0x0000000100000000)
  eden space 238592K, 0% used [0x00000000eab00000,0x00000000eab00000,0x00000000f9400000)
  from space 23040K, 99% used [0x00000000f9700000,0x00000000fad7f4e0,0x00000000fad80000)
  to   space 35840K, 0% used [0x00000000fb700000,0x00000000fb700000,0x00000000fda00000)
 ParOldGen       total 78848K, used 64149K [0x00000000c0000000, 0x00000000c4d00000, 0x00000000eab00000)
  object space 78848K, 81% used [0x00000000c0000000,0x00000000c3ea5768,0x00000000c4d00000)
 Metaspace       used 6042K, capacity 7216K, committed 7296K, reserved 1056768K
  class space    used 554K, capacity 616K, committed 640K, reserved 1048576K
}
Event: 5.676 GC heap before
{Heap before GC invocations=11 (full 2):
 PSYoungGen      total 261632K, used 23037K [0x00000000eab00000, 0x00000000fda00000, 0x0000000100000000)
  eden space 238592K, 0% used [0x00000000eab00000,0x00000000eab00000,0x00000000f9400000)
  from space 23040K, 99% used [0x00000000f9700000,0x00000000fad7f4e0,0x00000000fad80000)
  to   space 35840K, 0% used [0x00000000fb700000,0x00000000fb700000,0x00000000fda00000)
 ParOldGen       total 78848K, used 64149K [0x00000000c0000000, 0x00000000c4d00000, 0x00000000eab00000)
  object space 78848K, 81% used [0x00000000c0000000,0x00000000c3ea5768,0x00000000c4d00000)
 Metaspace       used 6042K, capacity 7216K, committed 7296K, reserved 1056768K
  class space    used 554K, capacity 616K, committed 640K, reserved 1048576K
Event: 6.497 GC heap after
Heap after GC invocations=11 (full 2):
 PSYoungGen      total 261632K, used 6609K [0x00000000eab00000, 0x00000000fda00000, 0x0000000100000000)
  eden space 238592K, 0% used [0x00000000eab00000,0x00000000eab00000,0x00000000f9400000)
  from space 23040K, 28% used [0x00000000f9700000,0x00000000f9d747b0,0x00000000fad80000)
  to   space 35840K, 0% used [0x00000000fb700000,0x00000000fb700000,0x00000000fda00000)
 ParOldGen       total 139776K, used 78556K [0x00000000c0000000, 0x00000000c8880000, 0x00000000eab00000)
  object space 139776K, 56% used [0x00000000c0000000,0x00000000c4cb7140,0x00000000c8880000)
 Metaspace       used 6042K, capacity 7216K, committed 7296K, reserved 1056768K
  class space    used 554K, capacity 616K, committed 640K, reserved 1048576K
}
Event: 9.511 GC heap before
{Heap before GC invocations=12 (full 2):
 PSYoungGen      total 261632K, used 245151K [0x00000000eab00000, 0x00000000fda00000, 0x0000000100000000)
  eden space 238592K, 99% used [0x00000000eab00000,0x00000000f93f3600,0x00000000f9400000)
  from space 23040K, 28% used [0x00000000f9700000,0x00000000f9d747b0,0x00000000fad80000)
  to   space 35840K, 0% used [0x00000000fb700000,0x00000000fb700000,0x00000000fda00000)
 ParOldGen       total 139776K, used 78556K [0x00000000c0000000, 0x00000000c8880000, 0x00000000eab00000)
  object space 139776K, 56% used [0x00000000c0000000,0x00000000c4cb7140,0x00000000c8880000)
 Metaspace       used 8193K, capacity 8376K, committed 8576K, reserved 1056768K
  class space    used 769K, capacity 816K, committed 896K, reserved 1048576K

